<?xml version="1.0" encoding="UTF-8"?>
<testng-results skipped="0" failed="0" ignored="0" total="1" passed="1">
  <reporter-output>
  </reporter-output>
  <suite name="Suite" duration-ms="27626" started-at="2018-11-16T11:55:04Z" finished-at="2018-11-16T11:55:31Z">
    <groups>
    </groups>
    <test name="Test" duration-ms="27626" started-at="2018-11-16T11:55:04Z" finished-at="2018-11-16T11:55:31Z">
      <class name="random.stuffs.FacebookLoginTest">
        <test-method status="PASS" signature="setUp()[pri:0, instance:random.stuffs.FacebookLoginTest@59494225]" name="setUp" is-config="true" duration-ms="267" started-at="2018-11-16T11:55:03Z" finished-at="2018-11-16T11:55:04Z">
          <reporter-output>
          </reporter-output>
        </test-method> <!-- setUp -->
        <test-method status="PASS" signature="browserLaunch()[pri:0, instance:random.stuffs.FacebookLoginTest@59494225]" name="browserLaunch" is-config="true" duration-ms="17486" started-at="2018-11-16T11:55:04Z" finished-at="2018-11-16T11:55:21Z">
          <reporter-output>
          </reporter-output>
        </test-method> <!-- browserLaunch -->
        <test-method status="PASS" signature="facebookLoginTest()[pri:0, instance:random.stuffs.FacebookLoginTest@59494225]" name="facebookLoginTest" duration-ms="10098" started-at="2018-11-16T11:55:21Z" finished-at="2018-11-16T11:55:31Z">
          <reporter-output>
          </reporter-output>
        </test-method> <!-- facebookLoginTest -->
        <test-method status="PASS" signature="getResult(org.testng.ITestResult)[pri:0, instance:random.stuffs.FacebookLoginTest@59494225]" name="getResult" is-config="true" duration-ms="13" started-at="2018-11-16T11:55:31Z" finished-at="2018-11-16T11:55:31Z">
          <params>
            <param index="0">
              <value>
                <![CDATA[[TestResult name=facebookLoginTest status=SUCCESS method=FacebookLoginTest.facebookLoginTest()[pri:0, instance:random.stuffs.FacebookLoginTest@59494225] output={null}]]]>
              </value>
            </param>
          </params>
          <reporter-output>
          </reporter-output>
        </test-method> <!-- getResult -->
        <test-method status="PASS" signature="tearDown()[pri:0, instance:random.stuffs.FacebookLoginTest@59494225]" name="tearDown" is-config="true" duration-ms="681" started-at="2018-11-16T11:55:31Z" finished-at="2018-11-16T11:55:32Z">
          <reporter-output>
          </reporter-output>
        </test-method> <!-- tearDown -->
      </class> <!-- random.stuffs.FacebookLoginTest -->
    </test> <!-- Test -->
  </suite> <!-- Suite -->
</testng-results>
